# JRE version: OpenJDK Runtime Environment Temurin-21.0.7+6 (21.0.7+6) (build 21.0.7+6-LTS)
# Java VM: OpenJDK 64-Bit Server VM Temurin-21.0.7+6 (21.0.7+6-LTS, mixed mode, sharing, tiered, compressed oops, compressed class ptrs, parallel gc, windows-amd64)
GC Precious Log:
 CardTable entry size: 512
 CPUs: 8 total, 8 available
 Memory: 8029M
 Large Page Support: Disabled
 NUMA Support: Disabled
 Compressed Oops: Enabled (32-bit)
 Alignments: Space 512K, Generation 512K, Heap 2M
 Heap Min Capacity: 100M
 Heap Initial Capacity: 100M
 Heap Max Capacity: 1G
 Pre-touch: Disabled
 Parallel Workers: 8
Heap:
 PSYoungGen      total 2560K, used 1676K [0x00000000eab00000, 0x00000000eae80000, 0x0000000100000000)
  eden space 2048K, 69% used [0x00000000eab00000,0x00000000eac631b0,0x00000000ead00000)
  from space 512K, 50% used [0x00000000eae00000,0x00000000eae40000,0x00000000eae80000)
  to   space 512K, 0% used [0x00000000ead80000,0x00000000ead80000,0x00000000eae00000)
 ParOldGen       total 485376K, used 485227K [0x00000000c0000000, 0x00000000dda00000, 0x00000000eab00000)
  object space 485376K, 99% used [0x00000000c0000000,0x00000000dd9dac98,0x00000000dda00000)
 Metaspace       used 73994K, committed 75648K, reserved 1179648K
  class space    used 7672K, committed 8448K, reserved 1048576K
GC Heap History (20 events):
Event: 86.601 GC heap before
{Heap before GC invocations=1474 (full 4):
 PSYoungGen      total 1536K, used 1280K [0x00000000eab00000, 0x00000000ead80000, 0x0000000100000000)
  eden space 1024K, 100% used [0x00000000eab00000,0x00000000eac00000,0x00000000eac00000)
  from space 512K, 50% used [0x00000000ead00000,0x00000000ead40020,0x00000000ead80000)
  to   space 512K, 0% used [0x00000000eac00000,0x00000000eac00000,0x00000000eac80000)
 ParOldGen       total 484352K, used 484059K [0x00000000c0000000, 0x00000000dd900000, 0x00000000eab00000)
  object space 484352K, 99% used [0x00000000c0000000,0x00000000dd8b6d48,0x00000000dd900000)
 Metaspace       used 73517K, committed 75200K, reserved 1179648K
  class space    used 7615K, committed 8384K, reserved 1048576K
}
Event: 86.603 GC heap after
{Heap after GC invocations=1474 (full 4):
 PSYoungGen      total 1536K, used 330K [0x00000000eab00000, 0x00000000ead80000, 0x0000000100000000)
  eden space 1024K, 0% used [0x00000000eab00000,0x00000000eab00000,0x00000000eac00000)
  from space 512K, 64% used [0x00000000eac00000,0x00000000eac52910,0x00000000eac80000)
  to   space 512K, 0% used [0x00000000ead00000,0x00000000ead00000,0x00000000ead80000)
 ParOldGen       total 484352K, used 484139K [0x00000000c0000000, 0x00000000dd900000, 0x00000000eab00000)
  object space 484352K, 99% used [0x00000000c0000000,0x00000000dd8cad48,0x00000000dd900000)
 Metaspace       used 73517K, committed 75200K, reserved 1179648K
  class space    used 7615K, committed 8384K, reserved 1048576K
}
Event: 86.611 GC heap before
{Heap before GC invocations=1475 (full 4):
 PSYoungGen      total 1536K, used 1354K [0x00000000eab00000, 0x00000000ead80000, 0x0000000100000000)
  eden space 1024K, 100% used [0x00000000eab00000,0x00000000eac00000,0x00000000eac00000)
  from space 512K, 64% used [0x00000000eac00000,0x00000000eac52910,0x00000000eac80000)
  to   space 512K, 0% used [0x00000000ead00000,0x00000000ead00000,0x00000000ead80000)
 ParOldGen       total 484352K, used 484139K [0x00000000c0000000, 0x00000000dd900000, 0x00000000eab00000)
  object space 484352K, 99% used [0x00000000c0000000,0x00000000dd8cad48,0x00000000dd900000)
 Metaspace       used 73519K, committed 75200K, reserved 1179648K
  class space    used 7615K, committed 8384K, reserved 1048576K
}
Event: 86.613 GC heap after
{Heap after GC invocations=1475 (full 4):
 PSYoungGen      total 1536K, used 224K [0x00000000eab00000, 0x00000000ead80000, 0x0000000100000000)
  eden space 1024K, 0% used [0x00000000eab00000,0x00000000eab00000,0x00000000eac00000)
  from space 512K, 43% used [0x00000000ead00000,0x00000000ead38000,0x00000000ead80000)
  to   space 512K, 0% used [0x00000000eac00000,0x00000000eac00000,0x00000000eac80000)
 ParOldGen       total 484864K, used 484399K [0x00000000c0000000, 0x00000000dd980000, 0x00000000eab00000)
  object space 484864K, 99% used [0x00000000c0000000,0x00000000dd90bf58,0x00000000dd980000)
 Metaspace       used 73519K, committed 75200K, reserved 1179648K
  class space    used 7615K, committed 8384K, reserved 1048576K
}
Event: 120.081 GC heap before
{Heap before GC invocations=1476 (full 4):
 PSYoungGen      total 1536K, used 1248K [0x00000000eab00000, 0x00000000ead80000, 0x0000000100000000)
  eden space 1024K, 100% used [0x00000000eab00000,0x00000000eac00000,0x00000000eac00000)
  from space 512K, 43% used [0x00000000ead00000,0x00000000ead38000,0x00000000ead80000)
  to   space 512K, 0% used [0x00000000eac00000,0x00000000eac00000,0x00000000eac80000)
 ParOldGen       total 484864K, used 484399K [0x00000000c0000000, 0x00000000dd980000, 0x00000000eab00000)
  object space 484864K, 99% used [0x00000000c0000000,0x00000000dd90bf58,0x00000000dd980000)
 Metaspace       used 73544K, committed 75200K, reserved 1179648K
  class space    used 7615K, committed 8384K, reserved 1048576K
}
Event: 120.084 GC heap after
{Heap after GC invocations=1476 (full 4):
 PSYoungGen      total 1536K, used 256K [0x00000000eab00000, 0x00000000ead80000, 0x0000000100000000)
  eden space 1024K, 0% used [0x00000000eab00000,0x00000000eab00000,0x00000000eac00000)
  from space 512K, 50% used [0x00000000eac00000,0x00000000eac40000,0x00000000eac80000)
  to   space 512K, 0% used [0x00000000ead00000,0x00000000ead00000,0x00000000ead80000)
 ParOldGen       total 484864K, used 484591K [0x00000000c0000000, 0x00000000dd980000, 0x00000000eab00000)
  object space 484864K, 99% used [0x00000000c0000000,0x00000000dd93bf58,0x00000000dd980000)
 Metaspace       used 73544K, committed 75200K, reserved 1179648K
  class space    used 7615K, committed 8384K, reserved 1048576K
}
Event: 140.824 GC heap before
{Heap before GC invocations=1477 (full 4):
 PSYoungGen      total 1536K, used 1279K [0x00000000eab00000, 0x00000000ead80000, 0x0000000100000000)
  eden space 1024K, 99% used [0x00000000eab00000,0x00000000eabffff8,0x00000000eac00000)
  from space 512K, 50% used [0x00000000eac00000,0x00000000eac40000,0x00000000eac80000)
  to   space 512K, 0% used [0x00000000ead00000,0x00000000ead00000,0x00000000ead80000)
 ParOldGen       total 484864K, used 484591K [0x00000000c0000000, 0x00000000dd980000, 0x00000000eab00000)
  object space 484864K, 99% used [0x00000000c0000000,0x00000000dd93bf58,0x00000000dd980000)
 Metaspace       used 73548K, committed 75200K, reserved 1179648K
  class space    used 7615K, committed 8384K, reserved 1048576K
}
Event: 140.826 GC heap after
{Heap after GC invocations=1477 (full 4):
 PSYoungGen      total 1536K, used 256K [0x00000000eab00000, 0x00000000ead80000, 0x0000000100000000)
  eden space 1024K, 0% used [0x00000000eab00000,0x00000000eab00000,0x00000000eac00000)
  from space 512K, 50% used [0x00000000ead00000,0x00000000ead40000,0x00000000ead80000)
  to   space 512K, 0% used [0x00000000eac00000,0x00000000eac00000,0x00000000eac80000)
 ParOldGen       total 484864K, used 484711K [0x00000000c0000000, 0x00000000dd980000, 0x00000000eab00000)
  object space 484864K, 99% used [0x00000000c0000000,0x00000000dd959f58,0x00000000dd980000)
 Metaspace       used 73548K, committed 75200K, reserved 1179648K
  class space    used 7615K, committed 8384K, reserved 1048576K
}
Event: 142.867 GC heap before
{Heap before GC invocations=1478 (full 4):
 PSYoungGen      total 1536K, used 1279K [0x00000000eab00000, 0x00000000ead80000, 0x0000000100000000)
  eden space 1024K, 99% used [0x00000000eab00000,0x00000000eabffff0,0x00000000eac00000)
  from space 512K, 50% used [0x00000000ead00000,0x00000000ead40000,0x00000000ead80000)
  to   space 512K, 0% used [0x00000000eac00000,0x00000000eac00000,0x00000000eac80000)
 ParOldGen       total 484864K, used 484711K [0x00000000c0000000, 0x00000000dd980000, 0x00000000eab00000)
  object space 484864K, 99% used [0x00000000c0000000,0x00000000dd959f58,0x00000000dd980000)
 Metaspace       used 73554K, committed 75200K, reserved 1179648K
  class space    used 7616K, committed 8384K, reserved 1048576K
}
Event: 142.870 GC heap after
{Heap after GC invocations=1478 (full 4):
 PSYoungGen      total 1536K, used 256K [0x00000000eab00000, 0x00000000ead80000, 0x0000000100000000)
  eden space 1024K, 0% used [0x00000000eab00000,0x00000000eab00000,0x00000000eac00000)
  from space 512K, 50% used [0x00000000eac00000,0x00000000eac40000,0x00000000eac80000)
  to   space 512K, 0% used [0x00000000ead00000,0x00000000ead00000,0x00000000ead80000)
 ParOldGen       total 484864K, used 484767K [0x00000000c0000000, 0x00000000dd980000, 0x00000000eab00000)
  object space 484864K, 99% used [0x00000000c0000000,0x00000000dd967f58,0x00000000dd980000)
 Metaspace       used 73554K, committed 75200K, reserved 1179648K
  class space    used 7616K, committed 8384K, reserved 1048576K
}
Event: 142.878 GC heap before
{Heap before GC invocations=1479 (full 4):
 PSYoungGen      total 1536K, used 1280K [0x00000000eab00000, 0x00000000ead80000, 0x0000000100000000)
  eden space 1024K, 100% used [0x00000000eab00000,0x00000000eac00000,0x00000000eac00000)
  from space 512K, 50% used [0x00000000eac00000,0x00000000eac40000,0x00000000eac80000)
  to   space 512K, 0% used [0x00000000ead00000,0x00000000ead00000,0x00000000ead80000)
 ParOldGen       total 484864K, used 484767K [0x00000000c0000000, 0x00000000dd980000, 0x00000000eab00000)
  object space 484864K, 99% used [0x00000000c0000000,0x00000000dd967f58,0x00000000dd980000)
 Metaspace       used 73563K, committed 75200K, reserved 1179648K
  class space    used 7616K, committed 8384K, reserved 1048576K
}
Event: 143.881 GC heap after
{Heap after GC invocations=1479 (full 4):
 PSYoungGen      total 2048K, used 314K [0x00000000eab00000, 0x00000000ead80000, 0x0000000100000000)
  eden space 1536K, 0% used [0x00000000eab00000,0x00000000eab00000,0x00000000eac80000)
  from space 512K, 61% used [0x00000000ead00000,0x00000000ead4e900,0x00000000ead80000)
  to   space 512K, 0% used [0x00000000eac80000,0x00000000eac80000,0x00000000ead00000)
 ParOldGen       total 484864K, used 484823K [0x00000000c0000000, 0x00000000dd980000, 0x00000000eab00000)
  object space 484864K, 99% used [0x00000000c0000000,0x00000000dd975f58,0x00000000dd980000)
 Metaspace       used 73563K, committed 75200K, reserved 1179648K
  class space    used 7616K, committed 8384K, reserved 1048576K
}
Event: 143.895 GC heap before
{Heap before GC invocations=1480 (full 4):
 PSYoungGen      total 2048K, used 1850K [0x00000000eab00000, 0x00000000ead80000, 0x0000000100000000)
  eden space 1536K, 99% used [0x00000000eab00000,0x00000000eac7fff8,0x00000000eac80000)
  from space 512K, 61% used [0x00000000ead00000,0x00000000ead4e900,0x00000000ead80000)
  to   space 512K, 0% used [0x00000000eac80000,0x00000000eac80000,0x00000000ead00000)
 ParOldGen       total 484864K, used 484823K [0x00000000c0000000, 0x00000000dd980000, 0x00000000eab00000)
  object space 484864K, 99% used [0x00000000c0000000,0x00000000dd975f58,0x00000000dd980000)
 Metaspace       used 73620K, committed 75264K, reserved 1179648K
  class space    used 7617K, committed 8384K, reserved 1048576K
}
Event: 143.897 GC heap after
{Heap after GC invocations=1480 (full 4):
 PSYoungGen      total 2048K, used 486K [0x00000000eab00000, 0x00000000eaf00000, 0x0000000100000000)
  eden space 1536K, 0% used [0x00000000eab00000,0x00000000eab00000,0x00000000eac80000)
  from space 512K, 95% used [0x00000000eac80000,0x00000000eacf9b50,0x00000000ead00000)
  to   space 1024K, 0% used [0x00000000eae00000,0x00000000eae00000,0x00000000eaf00000)
 ParOldGen       total 485376K, used 485011K [0x00000000c0000000, 0x00000000dda00000, 0x00000000eab00000)
  object space 485376K, 99% used [0x00000000c0000000,0x00000000dd9a4c98,0x00000000dda00000)
 Metaspace       used 73620K, committed 75264K, reserved 1179648K
  class space    used 7617K, committed 8384K, reserved 1048576K
}
Event: 143.907 GC heap before
{Heap before GC invocations=1481 (full 4):
 PSYoungGen      total 2048K, used 2022K [0x00000000eab00000, 0x00000000eaf00000, 0x0000000100000000)
  eden space 1536K, 99% used [0x00000000eab00000,0x00000000eac7ffe0,0x00000000eac80000)
  from space 512K, 95% used [0x00000000eac80000,0x00000000eacf9b50,0x00000000ead00000)
  to   space 1024K, 0% used [0x00000000eae00000,0x00000000eae00000,0x00000000eaf00000)
 ParOldGen       total 485376K, used 485011K [0x00000000c0000000, 0x00000000dda00000, 0x00000000eab00000)
  object space 485376K, 99% used [0x00000000c0000000,0x00000000dd9a4c98,0x00000000dda00000)
 Metaspace       used 73654K, committed 75328K, reserved 1179648K
  class space    used 7622K, committed 8384K, reserved 1048576K
}
Event: 143.908 GC heap after
{Heap after GC invocations=1481 (full 4):
 PSYoungGen      total 2560K, used 340K [0x00000000eab00000, 0x00000000eae80000, 0x0000000100000000)
  eden space 2048K, 0% used [0x00000000eab00000,0x00000000eab00000,0x00000000ead00000)
  from space 512K, 66% used [0x00000000eae00000,0x00000000eae55200,0x00000000eae80000)
  to   space 512K, 0% used [0x00000000ead80000,0x00000000ead80000,0x00000000eae00000)
 ParOldGen       total 485376K, used 485051K [0x00000000c0000000, 0x00000000dda00000, 0x00000000eab00000)
  object space 485376K, 99% used [0x00000000c0000000,0x00000000dd9aec98,0x00000000dda00000)
 Metaspace       used 73654K, committed 75328K, reserved 1179648K
  class space    used 7622K, committed 8384K, reserved 1048576K
}
Event: 143.926 GC heap before
{Heap before GC invocations=1482 (full 4):
 PSYoungGen      total 2560K, used 2383K [0x00000000eab00000, 0x00000000eae80000, 0x0000000100000000)
  eden space 2048K, 99% used [0x00000000eab00000,0x00000000eacfedf8,0x00000000ead00000)
  from space 512K, 66% used [0x00000000eae00000,0x00000000eae55200,0x00000000eae80000)
  to   space 512K, 0% used [0x00000000ead80000,0x00000000ead80000,0x00000000eae00000)
 ParOldGen       total 485376K, used 485051K [0x00000000c0000000, 0x00000000dda00000, 0x00000000eab00000)
  object space 485376K, 99% used [0x00000000c0000000,0x00000000dd9aec98,0x00000000dda00000)
 Metaspace       used 73748K, committed 75392K, reserved 1179648K
  class space    used 7630K, committed 8384K, reserved 1048576K
}
Event: 143.927 GC heap after
{Heap after GC invocations=1482 (full 4):
 PSYoungGen      total 2560K, used 256K [0x00000000eab00000, 0x00000000eae80000, 0x0000000100000000)
  eden space 2048K, 0% used [0x00000000eab00000,0x00000000eab00000,0x00000000ead00000)
  from space 512K, 50% used [0x00000000ead80000,0x00000000eadc0000,0x00000000eae00000)
  to   space 512K, 0% used [0x00000000eae00000,0x00000000eae00000,0x00000000eae80000)
 ParOldGen       total 485376K, used 485147K [0x00000000c0000000, 0x00000000dda00000, 0x00000000eab00000)
  object space 485376K, 99% used [0x00000000c0000000,0x00000000dd9c6c98,0x00000000dda00000)
 Metaspace       used 73748K, committed 75392K, reserved 1179648K
  class space    used 7630K, committed 8384K, reserved 1048576K
}
Event: 143.955 GC heap before
{Heap before GC invocations=1483 (full 4):
 PSYoungGen      total 2560K, used 2304K [0x00000000eab00000, 0x00000000eae80000, 0x0000000100000000)
  eden space 2048K, 100% used [0x00000000eab00000,0x00000000ead00000,0x00000000ead00000)
  from space 512K, 50% used [0x00000000ead80000,0x00000000eadc0000,0x00000000eae00000)
  to   space 512K, 0% used [0x00000000eae00000,0x00000000eae00000,0x00000000eae80000)
 ParOldGen       total 485376K, used 485147K [0x00000000c0000000, 0x00000000dda00000, 0x00000000eab00000)
  object space 485376K, 99% used [0x00000000c0000000,0x00000000dd9c6c98,0x00000000dda00000)
 Metaspace       used 73891K, committed 75584K, reserved 1179648K
  class space    used 7658K, committed 8448K, reserved 1048576K
}
Event: 143.957 GC heap after
{Heap after GC invocations=1483 (full 4):
 PSYoungGen      total 2560K, used 256K [0x00000000eab00000, 0x00000000eae80000, 0x0000000100000000)
  eden space 2048K, 0% used [0x00000000eab00000,0x00000000eab00000,0x00000000ead00000)
  from space 512K, 50% used [0x00000000eae00000,0x00000000eae40000,0x00000000eae80000)
  to   space 512K, 0% used [0x00000000ead80000,0x00000000ead80000,0x00000000eae00000)
 ParOldGen       total 485376K, used 485227K [0x00000000c0000000, 0x00000000dda00000, 0x00000000eab00000)
  object space 485376K, 99% used [0x00000000c0000000,0x00000000dd9dac98,0x00000000dda00000)
 Metaspace       used 73891K, committed 75584K, reserved 1179648K
  class space    used 7658K, committed 8448K, reserved 1048576K
}

