# JRE version: OpenJDK Runtime Environment Temurin-21.0.7+6 (21.0.7+6) (build 21.0.7+6-LTS)
# Java VM: OpenJDK 64-Bit Server VM Temurin-21.0.7+6 (21.0.7+6-LTS, mixed mode, sharing, tiered, compressed oops, compressed class ptrs, parallel gc, windows-amd64)
GC Precious Log:
 CardTable entry size: 512
 CPUs: 8 total, 8 available
 Memory: 8029M
 Large Page Support: Disabled
 NUMA Support: Disabled
 Compressed Oops: Enabled (32-bit)
 Alignments: Space 512K, Generation 512K, Heap 2M
 Heap Min Capacity: 100M
 Heap Initial Capacity: 100M
 Heap Max Capacity: 1G
 Pre-touch: Disabled
 Parallel Workers: 8
Heap:
 PSYoungGen      total 20992K, used 9823K [0x00000000eab00000, 0x00000000ec280000, 0x0000000100000000)
  eden space 19456K, 44% used [0x00000000eab00000,0x00000000eb367ce8,0x00000000ebe00000)
  from space 1536K, 79% used [0x00000000ebe00000,0x00000000ebf30000,0x00000000ebf80000)
  to   space 2048K, 0% used [0x00000000ec080000,0x00000000ec080000,0x00000000ec280000)
 ParOldGen       total 68608K, used 32198K [0x00000000c0000000, 0x00000000c4300000, 0x00000000eab00000)
  object space 68608K, 46% used [0x00000000c0000000,0x00000000c1f71968,0x00000000c4300000)
 Metaspace       used 49632K, committed 50880K, reserved 1114112K
  class space    used 5250K, committed 5760K, reserved 1048576K
GC Heap History (20 events):
Event: 8.167 GC heap before
{Heap before GC invocations=18 (full 2):
 PSYoungGen      total 23040K, used 22976K [0x00000000eab00000, 0x00000000ec700000, 0x0000000100000000)
  eden space 22016K, 100% used [0x00000000eab00000,0x00000000ec080000,0x00000000ec080000)
  from space 1024K, 93% used [0x00000000ec500000,0x00000000ec5f0000,0x00000000ec600000)
  to   space 1024K, 0% used [0x00000000ec600000,0x00000000ec600000,0x00000000ec700000)
 ParOldGen       total 68608K, used 18464K [0x00000000c0000000, 0x00000000c4300000, 0x00000000eab00000)
  object space 68608K, 26% used [0x00000000c0000000,0x00000000c1208298,0x00000000c4300000)
 Metaspace       used 39426K, committed 40576K, reserved 1114112K
  class space    used 4129K, committed 4608K, reserved 1048576K
}
Event: 8.170 GC heap after
{Heap after GC invocations=18 (full 2):
 PSYoungGen      total 23040K, used 1024K [0x00000000eab00000, 0x00000000ec700000, 0x0000000100000000)
  eden space 22016K, 0% used [0x00000000eab00000,0x00000000eab00000,0x00000000ec080000)
  from space 1024K, 100% used [0x00000000ec600000,0x00000000ec700000,0x00000000ec700000)
  to   space 2560K, 0% used [0x00000000ec200000,0x00000000ec200000,0x00000000ec480000)
 ParOldGen       total 68608K, used 19392K [0x00000000c0000000, 0x00000000c4300000, 0x00000000eab00000)
  object space 68608K, 28% used [0x00000000c0000000,0x00000000c12f02b8,0x00000000c4300000)
 Metaspace       used 39426K, committed 40576K, reserved 1114112K
  class space    used 4129K, committed 4608K, reserved 1048576K
}
Event: 8.724 GC heap before
{Heap before GC invocations=19 (full 2):
 PSYoungGen      total 23040K, used 23040K [0x00000000eab00000, 0x00000000ec700000, 0x0000000100000000)
  eden space 22016K, 100% used [0x00000000eab00000,0x00000000ec080000,0x00000000ec080000)
  from space 1024K, 100% used [0x00000000ec600000,0x00000000ec700000,0x00000000ec700000)
  to   space 2560K, 0% used [0x00000000ec200000,0x00000000ec200000,0x00000000ec480000)
 ParOldGen       total 68608K, used 19392K [0x00000000c0000000, 0x00000000c4300000, 0x00000000eab00000)
  object space 68608K, 28% used [0x00000000c0000000,0x00000000c12f02b8,0x00000000c4300000)
 Metaspace       used 42009K, committed 43136K, reserved 1114112K
  class space    used 4477K, committed 4928K, reserved 1048576K
}
Event: 8.727 GC heap after
{Heap after GC invocations=19 (full 2):
 PSYoungGen      total 24576K, used 1408K [0x00000000eab00000, 0x00000000ec680000, 0x0000000100000000)
  eden space 22016K, 0% used [0x00000000eab00000,0x00000000eab00000,0x00000000ec080000)
  from space 2560K, 55% used [0x00000000ec200000,0x00000000ec360000,0x00000000ec480000)
  to   space 2048K, 0% used [0x00000000ec480000,0x00000000ec480000,0x00000000ec680000)
 ParOldGen       total 68608K, used 20391K [0x00000000c0000000, 0x00000000c4300000, 0x00000000eab00000)
  object space 68608K, 29% used [0x00000000c0000000,0x00000000c13e9fb8,0x00000000c4300000)
 Metaspace       used 42009K, committed 43136K, reserved 1114112K
  class space    used 4477K, committed 4928K, reserved 1048576K
}
Event: 9.289 GC heap before
{Heap before GC invocations=20 (full 2):
 PSYoungGen      total 24576K, used 23424K [0x00000000eab00000, 0x00000000ec680000, 0x0000000100000000)
  eden space 22016K, 100% used [0x00000000eab00000,0x00000000ec080000,0x00000000ec080000)
  from space 2560K, 55% used [0x00000000ec200000,0x00000000ec360000,0x00000000ec480000)
  to   space 2048K, 0% used [0x00000000ec480000,0x00000000ec480000,0x00000000ec680000)
 ParOldGen       total 68608K, used 20391K [0x00000000c0000000, 0x00000000c4300000, 0x00000000eab00000)
  object space 68608K, 29% used [0x00000000c0000000,0x00000000c13e9fb8,0x00000000c4300000)
 Metaspace       used 44567K, committed 45760K, reserved 1114112K
  class space    used 4756K, committed 5248K, reserved 1048576K
}
Event: 9.295 GC heap after
{Heap after GC invocations=20 (full 2):
 PSYoungGen      total 23552K, used 1209K [0x00000000eab00000, 0x00000000ec600000, 0x0000000100000000)
  eden space 22016K, 0% used [0x00000000eab00000,0x00000000eab00000,0x00000000ec080000)
  from space 1536K, 78% used [0x00000000ec480000,0x00000000ec5ae580,0x00000000ec600000)
  to   space 1536K, 0% used [0x00000000ec300000,0x00000000ec300000,0x00000000ec480000)
 ParOldGen       total 68608K, used 21599K [0x00000000c0000000, 0x00000000c4300000, 0x00000000eab00000)
  object space 68608K, 31% used [0x00000000c0000000,0x00000000c1517fd8,0x00000000c4300000)
 Metaspace       used 44567K, committed 45760K, reserved 1114112K
  class space    used 4756K, committed 5248K, reserved 1048576K
}
Event: 9.728 GC heap before
{Heap before GC invocations=21 (full 2):
 PSYoungGen      total 23552K, used 23225K [0x00000000eab00000, 0x00000000ec600000, 0x0000000100000000)
  eden space 22016K, 100% used [0x00000000eab00000,0x00000000ec080000,0x00000000ec080000)
  from space 1536K, 78% used [0x00000000ec480000,0x00000000ec5ae580,0x00000000ec600000)
  to   space 1536K, 0% used [0x00000000ec300000,0x00000000ec300000,0x00000000ec480000)
 ParOldGen       total 68608K, used 21599K [0x00000000c0000000, 0x00000000c4300000, 0x00000000eab00000)
  object space 68608K, 31% used [0x00000000c0000000,0x00000000c1517fd8,0x00000000c4300000)
 Metaspace       used 45629K, committed 46784K, reserved 1114112K
  class space    used 4864K, committed 5376K, reserved 1048576K
}
Event: 9.731 GC heap after
{Heap after GC invocations=21 (full 2):
 PSYoungGen      total 23552K, used 1136K [0x00000000eab00000, 0x00000000ec500000, 0x0000000100000000)
  eden space 22016K, 0% used [0x00000000eab00000,0x00000000eab00000,0x00000000ec080000)
  from space 1536K, 73% used [0x00000000ec300000,0x00000000ec41c010,0x00000000ec480000)
  to   space 512K, 0% used [0x00000000ec480000,0x00000000ec480000,0x00000000ec500000)
 ParOldGen       total 68608K, used 22621K [0x00000000c0000000, 0x00000000c4300000, 0x00000000eab00000)
  object space 68608K, 32% used [0x00000000c0000000,0x00000000c1617750,0x00000000c4300000)
 Metaspace       used 45629K, committed 46784K, reserved 1114112K
  class space    used 4864K, committed 5376K, reserved 1048576K
}
Event: 11.286 GC heap before
{Heap before GC invocations=22 (full 2):
 PSYoungGen      total 23552K, used 23152K [0x00000000eab00000, 0x00000000ec500000, 0x0000000100000000)
  eden space 22016K, 100% used [0x00000000eab00000,0x00000000ec080000,0x00000000ec080000)
  from space 1536K, 73% used [0x00000000ec300000,0x00000000ec41c010,0x00000000ec480000)
  to   space 512K, 0% used [0x00000000ec480000,0x00000000ec480000,0x00000000ec500000)
 ParOldGen       total 68608K, used 22621K [0x00000000c0000000, 0x00000000c4300000, 0x00000000eab00000)
  object space 68608K, 32% used [0x00000000c0000000,0x00000000c1617750,0x00000000c4300000)
 Metaspace       used 47142K, committed 48320K, reserved 1114112K
  class space    used 5021K, committed 5504K, reserved 1048576K
}
Event: 11.290 GC heap after
{Heap after GC invocations=22 (full 2):
 PSYoungGen      total 22016K, used 512K [0x00000000eab00000, 0x00000000ec980000, 0x0000000100000000)
  eden space 21504K, 0% used [0x00000000eab00000,0x00000000eab00000,0x00000000ec000000)
  from space 512K, 100% used [0x00000000ec480000,0x00000000ec500000,0x00000000ec500000)
  to   space 4608K, 0% used [0x00000000ec000000,0x00000000ec000000,0x00000000ec480000)
 ParOldGen       total 68608K, used 26029K [0x00000000c0000000, 0x00000000c4300000, 0x00000000eab00000)
  object space 68608K, 37% used [0x00000000c0000000,0x00000000c196b748,0x00000000c4300000)
 Metaspace       used 47142K, committed 48320K, reserved 1114112K
  class space    used 5021K, committed 5504K, reserved 1048576K
}
Event: 12.375 GC heap before
{Heap before GC invocations=23 (full 2):
 PSYoungGen      total 22016K, used 22004K [0x00000000eab00000, 0x00000000ec980000, 0x0000000100000000)
  eden space 21504K, 99% used [0x00000000eab00000,0x00000000ebffd110,0x00000000ec000000)
  from space 512K, 100% used [0x00000000ec480000,0x00000000ec500000,0x00000000ec500000)
  to   space 4608K, 0% used [0x00000000ec000000,0x00000000ec000000,0x00000000ec480000)
 ParOldGen       total 68608K, used 26029K [0x00000000c0000000, 0x00000000c4300000, 0x00000000eab00000)
  object space 68608K, 37% used [0x00000000c0000000,0x00000000c196b748,0x00000000c4300000)
 Metaspace       used 47313K, committed 48512K, reserved 1114112K
  class space    used 5024K, committed 5504K, reserved 1048576K
}
Event: 12.377 GC heap after
{Heap after GC invocations=23 (full 2):
 PSYoungGen      total 23552K, used 1792K [0x00000000eab00000, 0x00000000ec500000, 0x0000000100000000)
  eden space 21504K, 0% used [0x00000000eab00000,0x00000000eab00000,0x00000000ec000000)
  from space 2048K, 87% used [0x00000000ec000000,0x00000000ec1c0020,0x00000000ec200000)
  to   space 2560K, 0% used [0x00000000ec280000,0x00000000ec280000,0x00000000ec500000)
 ParOldGen       total 68608K, used 26493K [0x00000000c0000000, 0x00000000c4300000, 0x00000000eab00000)
  object space 68608K, 38% used [0x00000000c0000000,0x00000000c19df758,0x00000000c4300000)
 Metaspace       used 47313K, committed 48512K, reserved 1114112K
  class space    used 5024K, committed 5504K, reserved 1048576K
}
Event: 12.775 GC heap before
{Heap before GC invocations=24 (full 2):
 PSYoungGen      total 23552K, used 23296K [0x00000000eab00000, 0x00000000ec500000, 0x0000000100000000)
  eden space 21504K, 100% used [0x00000000eab00000,0x00000000ec000000,0x00000000ec000000)
  from space 2048K, 87% used [0x00000000ec000000,0x00000000ec1c0020,0x00000000ec200000)
  to   space 2560K, 0% used [0x00000000ec280000,0x00000000ec280000,0x00000000ec500000)
 ParOldGen       total 68608K, used 26493K [0x00000000c0000000, 0x00000000c4300000, 0x00000000eab00000)
  object space 68608K, 38% used [0x00000000c0000000,0x00000000c19df758,0x00000000c4300000)
 Metaspace       used 47954K, committed 49152K, reserved 1114112K
  class space    used 5089K, committed 5568K, reserved 1048576K
}
Event: 12.778 GC heap after
{Heap after GC invocations=24 (full 2):
 PSYoungGen      total 23552K, used 1648K [0x00000000eab00000, 0x00000000ec480000, 0x0000000100000000)
  eden space 21504K, 0% used [0x00000000eab00000,0x00000000eab00000,0x00000000ec000000)
  from space 2048K, 80% used [0x00000000ec280000,0x00000000ec41c020,0x00000000ec480000)
  to   space 2048K, 0% used [0x00000000ec000000,0x00000000ec000000,0x00000000ec200000)
 ParOldGen       total 68608K, used 27925K [0x00000000c0000000, 0x00000000c4300000, 0x00000000eab00000)
  object space 68608K, 40% used [0x00000000c0000000,0x00000000c1b45768,0x00000000c4300000)
 Metaspace       used 47954K, committed 49152K, reserved 1114112K
  class space    used 5089K, committed 5568K, reserved 1048576K
}
Event: 17.181 GC heap before
{Heap before GC invocations=25 (full 2):
 PSYoungGen      total 23552K, used 23152K [0x00000000eab00000, 0x00000000ec480000, 0x0000000100000000)
  eden space 21504K, 100% used [0x00000000eab00000,0x00000000ec000000,0x00000000ec000000)
  from space 2048K, 80% used [0x00000000ec280000,0x00000000ec41c020,0x00000000ec480000)
  to   space 2048K, 0% used [0x00000000ec000000,0x00000000ec000000,0x00000000ec200000)
 ParOldGen       total 68608K, used 27925K [0x00000000c0000000, 0x00000000c4300000, 0x00000000eab00000)
  object space 68608K, 40% used [0x00000000c0000000,0x00000000c1b45768,0x00000000c4300000)
 Metaspace       used 48652K, committed 49920K, reserved 1114112K
  class space    used 5174K, committed 5696K, reserved 1048576K
}
Event: 17.183 GC heap after
{Heap after GC invocations=25 (full 2):
 PSYoungGen      total 23552K, used 1456K [0x00000000eab00000, 0x00000000ec400000, 0x0000000100000000)
  eden space 21504K, 0% used [0x00000000eab00000,0x00000000eab00000,0x00000000ec000000)
  from space 2048K, 71% used [0x00000000ec000000,0x00000000ec16c200,0x00000000ec200000)
  to   space 2048K, 0% used [0x00000000ec200000,0x00000000ec200000,0x00000000ec400000)
 ParOldGen       total 68608K, used 29371K [0x00000000c0000000, 0x00000000c4300000, 0x00000000eab00000)
  object space 68608K, 42% used [0x00000000c0000000,0x00000000c1caef40,0x00000000c4300000)
 Metaspace       used 48652K, committed 49920K, reserved 1114112K
  class space    used 5174K, committed 5696K, reserved 1048576K
}
Event: 24.597 GC heap before
{Heap before GC invocations=26 (full 2):
 PSYoungGen      total 23552K, used 22960K [0x00000000eab00000, 0x00000000ec400000, 0x0000000100000000)
  eden space 21504K, 100% used [0x00000000eab00000,0x00000000ec000000,0x00000000ec000000)
  from space 2048K, 71% used [0x00000000ec000000,0x00000000ec16c200,0x00000000ec200000)
  to   space 2048K, 0% used [0x00000000ec200000,0x00000000ec200000,0x00000000ec400000)
 ParOldGen       total 68608K, used 29371K [0x00000000c0000000, 0x00000000c4300000, 0x00000000eab00000)
  object space 68608K, 42% used [0x00000000c0000000,0x00000000c1caef40,0x00000000c4300000)
 Metaspace       used 49448K, committed 50688K, reserved 1114112K
  class space    used 5248K, committed 5760K, reserved 1048576K
}
Event: 24.601 GC heap after
{Heap after GC invocations=26 (full 2):
 PSYoungGen      total 21504K, used 2016K [0x00000000eab00000, 0x00000000ec800000, 0x0000000100000000)
  eden space 19456K, 0% used [0x00000000eab00000,0x00000000eab00000,0x00000000ebe00000)
  from space 2048K, 98% used [0x00000000ec200000,0x00000000ec3f8020,0x00000000ec400000)
  to   space 4096K, 0% used [0x00000000ebe00000,0x00000000ebe00000,0x00000000ec200000)
 ParOldGen       total 68608K, used 30705K [0x00000000c0000000, 0x00000000c4300000, 0x00000000eab00000)
  object space 68608K, 44% used [0x00000000c0000000,0x00000000c1dfc5b0,0x00000000c4300000)
 Metaspace       used 49448K, committed 50688K, reserved 1114112K
  class space    used 5248K, committed 5760K, reserved 1048576K
}
Event: 28.361 GC heap before
{Heap before GC invocations=27 (full 2):
 PSYoungGen      total 21504K, used 21472K [0x00000000eab00000, 0x00000000ec800000, 0x0000000100000000)
  eden space 19456K, 100% used [0x00000000eab00000,0x00000000ebe00000,0x00000000ebe00000)
  from space 2048K, 98% used [0x00000000ec200000,0x00000000ec3f8020,0x00000000ec400000)
  to   space 4096K, 0% used [0x00000000ebe00000,0x00000000ebe00000,0x00000000ec200000)
 ParOldGen       total 68608K, used 30705K [0x00000000c0000000, 0x00000000c4300000, 0x00000000eab00000)
  object space 68608K, 44% used [0x00000000c0000000,0x00000000c1dfc5b0,0x00000000c4300000)
 Metaspace       used 49593K, committed 50816K, reserved 1114112K
  class space    used 5249K, committed 5760K, reserved 1048576K
}
Event: 28.363 GC heap after
{Heap after GC invocations=27 (full 2):
 PSYoungGen      total 20992K, used 1216K [0x00000000eab00000, 0x00000000ec280000, 0x0000000100000000)
  eden space 19456K, 0% used [0x00000000eab00000,0x00000000eab00000,0x00000000ebe00000)
  from space 1536K, 79% used [0x00000000ebe00000,0x00000000ebf30000,0x00000000ebf80000)
  to   space 2048K, 0% used [0x00000000ec080000,0x00000000ec080000,0x00000000ec280000)
 ParOldGen       total 68608K, used 32198K [0x00000000c0000000, 0x00000000c4300000, 0x00000000eab00000)
  object space 68608K, 46% used [0x00000000c0000000,0x00000000c1f71968,0x00000000c4300000)
 Metaspace       used 49593K, committed 50816K, reserved 1114112K
  class space    used 5249K, committed 5760K, reserved 1048576K
}

